\BOOKMARK [0][]{chapter*.1}{\376\377\000A\000b\000s\000t\000r\000a\000c\000t}{}% 1
\BOOKMARK [-1][]{part.1}{\376\377\000I\000\040\000F\000o\000u\000n\000d\000a\000t\000i\000o\000n\000s}{}% 2
\BOOKMARK [0][]{chapter.1}{\376\377\0001\000\040\000W\000h\000a\000t\000\040\000I\000s\000\040\000a\000n\000\040\000E\000m\000b\000e\000d\000d\000i\000n\000g\000?}{part.1}% 3
\BOOKMARK [1][]{section.1.1}{\376\377\0001\000.\0001\000\040\000T\000h\000e\000\040\000C\000o\000r\000e\000\040\000P\000r\000o\000b\000l\000e\000m}{chapter.1}% 4
\BOOKMARK [1][]{section.1.2}{\376\377\0001\000.\0002\000\040\000W\000h\000a\000t\000\040\000`\000`\000S\000i\000m\000i\000l\000a\000r\000\040\000V\000e\000c\000t\000o\000r\000s\000'\000'\000\040\000M\000e\000a\000n\000s\000\040\000G\000e\000o\000m\000e\000t\000r\000i\000c\000a\000l\000l\000y}{chapter.1}% 5
\BOOKMARK [1][]{section.1.3}{\376\377\0001\000.\0003\000\040\000W\000h\000a\000t\000\040\000T\000r\000a\000i\000n\000i\000n\000g\000\040\000M\000e\000a\000n\000s}{chapter.1}% 6
\BOOKMARK [1][]{section.1.4}{\376\377\0001\000.\0004\000\040\000W\000h\000a\000t\000\040\000t\000h\000e\000\040\000D\000i\000m\000e\000n\000s\000i\000o\000n\000s\000\040\000R\000e\000p\000r\000e\000s\000e\000n\000t}{chapter.1}% 7
\BOOKMARK [1][]{section.1.5}{\376\377\0001\000.\0005\000\040\000F\000r\000o\000m\000\040\000W\000o\000r\000d\000s\000\040\000t\000o\000\040\000S\000e\000n\000t\000e\000n\000c\000e\000s\000\040\000t\000o\000\040\000D\000o\000c\000u\000m\000e\000n\000t\000s}{chapter.1}% 8
\BOOKMARK [1][]{section.1.6}{\376\377\0001\000.\0006\000\040\000E\000m\000b\000e\000d\000d\000i\000n\000g\000\040\000M\000o\000d\000e\000l\000s\000\040\000v\000s\000\040\000G\000e\000n\000e\000r\000a\000t\000i\000v\000e\000\040\000M\000o\000d\000e\000l\000s}{chapter.1}% 9
\BOOKMARK [1][]{section.1.7}{\376\377\0001\000.\0007\000\040\000B\000i\000-\000e\000n\000c\000o\000d\000e\000r\000\040\000v\000s\000\040\000C\000r\000o\000s\000s\000-\000e\000n\000c\000o\000d\000e\000r}{chapter.1}% 10
\BOOKMARK [1][]{section.1.8}{\376\377\0001\000.\0008\000\040\000W\000h\000y\000\040\000H\000i\000g\000h\000\040\000D\000i\000m\000e\000n\000s\000i\000o\000n\000a\000l\000i\000t\000y\000?}{chapter.1}% 11
\BOOKMARK [1][]{section.1.9}{\376\377\0001\000.\0009\000\040\000W\000h\000a\000t\000\040\000M\000a\000k\000e\000s\000\040\000a\000\040\000G\000o\000o\000d\000\040\000E\000m\000b\000e\000d\000d\000i\000n\000g\000\040\000S\000p\000a\000c\000e\000\040\000f\000o\000r\000\040\000R\000e\000t\000r\000i\000e\000v\000a\000l}{chapter.1}% 12
\BOOKMARK [1][]{section.1.10}{\376\377\0001\000.\0001\0000\000\040\000S\000u\000m\000m\000a\000r\000y}{chapter.1}% 13
\BOOKMARK [0][]{chapter.2}{\376\377\0002\000\040\000T\000o\000k\000e\000n\000i\000z\000a\000t\000i\000o\000n}{part.1}% 14
\BOOKMARK [1][]{section.2.1}{\376\377\0002\000.\0001\000\040\000W\000h\000y\000\040\000T\000o\000k\000e\000n\000s\000,\000\040\000N\000o\000t\000\040\000W\000o\000r\000d\000s\000\040\000o\000r\000\040\000C\000h\000a\000r\000a\000c\000t\000e\000r\000s\000?}{chapter.2}% 15
\BOOKMARK [1][]{section.2.2}{\376\377\0002\000.\0002\000\040\000B\000P\000E\000\040\000\050\000B\000y\000t\000e\000\040\000P\000a\000i\000r\000\040\000E\000n\000c\000o\000d\000i\000n\000g\000\051}{chapter.2}% 16
\BOOKMARK [1][]{section.2.3}{\376\377\0002\000.\0003\000\040\000W\000o\000r\000d\000P\000i\000e\000c\000e}{chapter.2}% 17
\BOOKMARK [1][]{section.2.4}{\376\377\0002\000.\0004\000\040\000S\000e\000n\000t\000e\000n\000c\000e\000P\000i\000e\000c\000e}{chapter.2}% 18
\BOOKMARK [1][]{section.2.5}{\376\377\0002\000.\0005\000\040\000T\000o\000k\000e\000n\000\040\000C\000o\000u\000n\000t\000\040\000v\000s\000\040\000C\000h\000a\000r\000a\000c\000t\000e\000r\000\040\000C\000o\000u\000n\000t}{chapter.2}% 19
\BOOKMARK [1][]{section.2.6}{\376\377\0002\000.\0006\000\040\000H\000o\000w\000\040\000T\000o\000k\000e\000n\000\040\000L\000i\000m\000i\000t\000s\000\040\000A\000f\000f\000e\000c\000t\000\040\000C\000h\000u\000n\000k\000i\000n\000g}{chapter.2}% 20
\BOOKMARK [1][]{section.2.7}{\376\377\0002\000.\0007\000\040\000T\000o\000k\000e\000n\000s\000\040\000a\000n\000d\000\040\000E\000m\000b\000e\000d\000d\000i\000n\000g\000\040\000Q\000u\000a\000l\000i\000t\000y}{chapter.2}% 21
\BOOKMARK [1][]{section.2.8}{\376\377\0002\000.\0008\000\040\000S\000p\000e\000c\000i\000a\000l\000\040\000T\000o\000k\000e\000n\000s}{chapter.2}% 22
\BOOKMARK [1][]{section.2.9}{\376\377\0002\000.\0009\000\040\000C\000o\000u\000n\000t\000i\000n\000g\000\040\000T\000o\000k\000e\000n\000s\000\040\000W\000i\000t\000h\000o\000u\000t\000\040\000R\000u\000n\000n\000i\000n\000g\000\040\000t\000h\000e\000\040\000M\000o\000d\000e\000l}{chapter.2}% 23
\BOOKMARK [1][]{section.2.10}{\376\377\0002\000.\0001\0000\000\040\000P\000r\000a\000c\000t\000i\000c\000a\000l\000\040\000T\000a\000k\000e\000a\000w\000a\000y\000s}{chapter.2}% 24
\BOOKMARK [-1][]{part.2}{\376\377\000I\000I\000\040\000B\000e\000n\000c\000h\000m\000a\000r\000k\000s\000\040\000a\000n\000d\000\040\000M\000o\000d\000e\000l\000\040\000S\000e\000l\000e\000c\000t\000i\000o\000n}{}% 25
\BOOKMARK [0][]{chapter.3}{\376\377\0003\000\040\000E\000v\000a\000l\000u\000a\000t\000i\000n\000g\000\040\000E\000m\000b\000e\000d\000d\000i\000n\000g\000\040\000M\000o\000d\000e\000l\000s\000:\000\040\000M\000T\000E\000B}{part.2}% 26
\BOOKMARK [1][]{section.3.1}{\376\377\0003\000.\0001\000\040\000W\000h\000a\000t\000\040\000M\000T\000E\000B\000\040\000M\000e\000a\000s\000u\000r\000e\000s}{chapter.3}% 27
\BOOKMARK [1][]{section.3.2}{\376\377\0003\000.\0002\000\040\000M\000T\000E\000B\000\040\000T\000a\000s\000k\000\040\000T\000a\000x\000o\000n\000o\000m\000y}{chapter.3}% 28
\BOOKMARK [1][]{section.3.3}{\376\377\0003\000.\0003\000\040\000H\000o\000w\000\040\000t\000o\000\040\000R\000e\000a\000d\000\040\000a\000n\000\040\000M\000T\000E\000B\000\040\000S\000c\000o\000r\000e}{chapter.3}% 29
\BOOKMARK [1][]{section.3.4}{\376\377\0003\000.\0004\000\040\000C\000o\000m\000m\000o\000n\000\040\000M\000T\000E\000B\000\040\000M\000e\000t\000r\000i\000c\000s}{chapter.3}% 30
\BOOKMARK [2][]{subsection.3.4.1}{\376\377\0003\000.\0004\000.\0001\000\040\000W\000h\000a\000t\000\040\000@\000k\000\040\000M\000e\000a\000n\000s}{section.3.4}% 31
\BOOKMARK [2][]{subsection.3.4.2}{\376\377\0003\000.\0004\000.\0002\000\040\000n\000D\000C\000G\000\040\040\024\000\040\000N\000o\000r\000m\000a\000l\000i\000z\000e\000d\000\040\000D\000i\000s\000c\000o\000u\000n\000t\000e\000d\000\040\000C\000u\000m\000u\000l\000a\000t\000i\000v\000e\000\040\000G\000a\000i\000n}{section.3.4}% 32
\BOOKMARK [2][]{subsection.3.4.3}{\376\377\0003\000.\0004\000.\0003\000\040\000M\000A\000P\000\040\040\024\000\040\000M\000e\000a\000n\000\040\000A\000v\000e\000r\000a\000g\000e\000\040\000P\000r\000e\000c\000i\000s\000i\000o\000n}{section.3.4}% 33
\BOOKMARK [2][]{subsection.3.4.4}{\376\377\0003\000.\0004\000.\0004\000\040\000R\000e\000c\000a\000l\000l\000@\000k}{section.3.4}% 34
\BOOKMARK [2][]{subsection.3.4.5}{\376\377\0003\000.\0004\000.\0005\000\040\000C\000l\000u\000s\000t\000e\000r\000i\000n\000g\000\040\000M\000e\000t\000r\000i\000c\000s}{section.3.4}% 35
\BOOKMARK [1][]{section.3.5}{\376\377\0003\000.\0005\000\040\000W\000h\000i\000c\000h\000\040\000M\000T\000E\000B\000\040\000M\000e\000t\000r\000i\000c\000s\000\040\000M\000a\000t\000t\000e\000r\000\040\000M\000o\000s\000t\000\040\000f\000o\000r\000\040\000R\000A\000G}{chapter.3}% 36
\BOOKMARK [1][]{section.3.6}{\376\377\0003\000.\0006\000\040\000Q\000w\000e\000n\0003\000\040\000S\000e\000r\000i\000e\000s\000:\000\040\000W\000h\000a\000t\000\040\000I\000t\000\040\000T\000a\000r\000g\000e\000t\000s\000\040\000o\000n\000\040\000M\000T\000E\000B}{chapter.3}% 37
\BOOKMARK [0][]{chapter.4}{\376\377\0004\000\040\000R\000T\000E\000B\000\040\000a\000n\000d\000\040\000G\000e\000n\000e\000r\000a\000l\000i\000z\000a\000t\000i\000o\000n}{part.2}% 38
\BOOKMARK [1][]{section.4.1}{\376\377\0004\000.\0001\000\040\000W\000h\000a\000t\000\040\000R\000T\000E\000B\000\040\000I\000s\000\040\000T\000r\000y\000i\000n\000g\000\040\000t\000o\000\040\000F\000i\000x}{chapter.4}% 39
\BOOKMARK [1][]{section.4.2}{\376\377\0004\000.\0002\000\040\000W\000h\000y\000\040\000R\000T\000E\000B\000\040\000M\000a\000t\000t\000e\000r\000s\000\040\000M\000o\000r\000e\000\040\000T\000h\000a\000n\000\040\000G\000e\000n\000e\000r\000i\000c\000\040\000M\000T\000E\000B\000\040\000f\000o\000r\000\040\000L\000o\000c\000a\000l\000\040\000R\000A\000G}{chapter.4}% 40
\BOOKMARK [1][]{section.4.3}{\376\377\0004\000.\0003\000\040\000T\000h\000e\000\040\000C\000o\000r\000e\000\040\000D\000e\000s\000i\000g\000n\000:\000\040\000O\000p\000e\000n\000\040\000+\000\040\000P\000r\000i\000v\000a\000t\000e\000\040\000D\000a\000t\000a\000s\000e\000t\000s}{chapter.4}% 41
\BOOKMARK [1][]{section.4.4}{\376\377\0004\000.\0004\000\040\000D\000e\000f\000a\000u\000l\000t\000\040\000M\000e\000t\000r\000i\000c\000:\000\040\000n\000D\000C\000G\000@\0001\0000}{chapter.4}% 42
\BOOKMARK [1][]{section.4.5}{\376\377\0004\000.\0005\000\040\000W\000h\000a\000t\000\040\000K\000i\000n\000d\000s\000\040\000o\000f\000\040\000R\000e\000t\000r\000i\000e\000v\000a\000l\000\040\000R\000T\000E\000B\000\040\000C\000o\000v\000e\000r\000s}{chapter.4}% 43
\BOOKMARK [1][]{section.4.6}{\376\377\0004\000.\0006\000\040\000H\000o\000w\000\040\000t\000o\000\040\000R\000e\000a\000d\000\040\000R\000T\000E\000B\000\040\000f\000o\000r\000\040\000Y\000o\000u\000r\000\040\000U\000s\000e\000\040\000C\000a\000s\000e}{chapter.4}% 44
\BOOKMARK [1][]{section.4.7}{\376\377\0004\000.\0007\000\040\000W\000h\000a\000t\000\040\000R\000T\000E\000B\000\040\000S\000t\000i\000l\000l\000\040\000D\000o\000e\000s\000\040\000N\000o\000t\000\040\000S\000o\000l\000v\000e}{chapter.4}% 45
\BOOKMARK [1][]{section.4.8}{\376\377\0004\000.\0008\000\040\000W\000h\000a\000t\000\040\000R\000T\000E\000B\000\040\000S\000h\000o\000w\000s\000\040\000A\000b\000o\000u\000t\000\040\000Q\000w\000e\000n\0003\000-\000E\000m\000b\000e\000d\000d\000i\000n\000g}{chapter.4}% 46
\BOOKMARK [1][]{section.4.9}{\376\377\0004\000.\0009\000\040\000B\000e\000n\000c\000h\000m\000a\000r\000k\000-\000R\000e\000a\000d\000i\000n\000g\000\040\000O\000r\000d\000e\000r\000\040\000f\000o\000r\000\040\000L\000o\000c\000a\000l\000\040\000R\000A\000G}{chapter.4}% 47
\BOOKMARK [0][]{chapter.5}{\376\377\0005\000\040\000E\000m\000b\000e\000d\000d\000i\000n\000g\000\040\000M\000o\000d\000e\000l\000\040\000S\000e\000l\000e\000c\000t\000i\000o\000n}{part.2}% 48
\BOOKMARK [1][]{section.5.1}{\376\377\0005\000.\0001\000\040\000S\000t\000a\000t\000u\000s}{chapter.5}% 49
\BOOKMARK [1][]{section.5.2}{\376\377\0005\000.\0002\000\040\000S\000h\000o\000r\000t\000l\000i\000s\000t}{chapter.5}% 50
\BOOKMARK [2][]{subsection.5.2.1}{\376\377\0005\000.\0002\000.\0001\000\040\000Q\000w\000e\000n\0003\000-\000E\000m\000b\000e\000d\000d\000i\000n\000g\000-\0004\000B\000-\000G\000G\000U\000F}{section.5.2}% 51
\BOOKMARK [2][]{subsection.5.2.2}{\376\377\0005\000.\0002\000.\0002\000\040\000Q\000w\000e\000n\0003\000-\000E\000m\000b\000e\000d\000d\000i\000n\000g\000-\0000\000.\0006\000B\000-\000G\000G\000U\000F}{section.5.2}% 52
\BOOKMARK [2][]{subsection.5.2.3}{\376\377\0005\000.\0002\000.\0003\000\040\000Q\000w\000e\000n\0003\000-\000E\000m\000b\000e\000d\000d\000i\000n\000g\000-\0008\000B\000-\000G\000G\000U\000F}{section.5.2}% 53
\BOOKMARK [2][]{subsection.5.2.4}{\376\377\0005\000.\0002\000.\0004\000\040\000B\000A\000A\000I\000/\000b\000g\000e\000-\000m\0003}{section.5.2}% 54
\BOOKMARK [2][]{subsection.5.2.5}{\376\377\0005\000.\0002\000.\0005\000\040\000m\000i\000x\000e\000d\000b\000r\000e\000a\000d\000-\000a\000i\000/\000m\000x\000b\000a\000i\000-\000e\000m\000b\000e\000d\000-\000l\000a\000r\000g\000e\000-\000v\0001}{section.5.2}% 55
\BOOKMARK [2][]{subsection.5.2.6}{\376\377\0005\000.\0002\000.\0006\000\040\000n\000o\000m\000i\000c\000-\000e\000m\000b\000e\000d\000-\000t\000e\000x\000t\000-\000v\0001\000.\0005\000-\000G\000G\000U\000F}{section.5.2}% 56
\BOOKMARK [1][]{section.5.3}{\376\377\0005\000.\0003\000\040\000S\000u\000m\000m\000a\000r\000y\000\040\000T\000a\000b\000l\000e}{chapter.5}% 57
\BOOKMARK [1][]{section.5.4}{\376\377\0005\000.\0004\000\040\000F\000i\000n\000a\000l\000\040\000R\000e\000c\000o\000m\000m\000e\000n\000d\000a\000t\000i\000o\000n}{chapter.5}% 58
\BOOKMARK [1][]{section.5.5}{\376\377\0005\000.\0005\000\040\000R\000e\000c\000o\000m\000m\000e\000n\000d\000e\000d\000\040\000N\000e\000x\000t\000\040\000S\000t\000e\000p\000s}{chapter.5}% 59
\BOOKMARK [-1][]{part.3}{\376\377\000I\000I\000I\000\040\000R\000e\000t\000r\000i\000e\000v\000a\000l\000\040\000A\000r\000c\000h\000i\000t\000e\000c\000t\000u\000r\000e}{}% 60
\BOOKMARK [0][]{chapter.6}{\376\377\0006\000\040\000R\000e\000t\000r\000i\000e\000v\000a\000l\000\040\000A\000r\000c\000h\000i\000t\000e\000c\000t\000u\000r\000e\000s}{part.3}% 61
\BOOKMARK [1][]{section.6.1}{\376\377\0006\000.\0001\000\040\000D\000e\000n\000s\000e\000\040\000R\000e\000t\000r\000i\000e\000v\000a\000l}{chapter.6}% 62
\BOOKMARK [1][]{section.6.2}{\376\377\0006\000.\0002\000\040\000S\000p\000a\000r\000s\000e\000\040\000R\000e\000t\000r\000i\000e\000v\000a\000l\000\040\000\050\000S\000P\000L\000A\000D\000E\000\051}{chapter.6}% 63
\BOOKMARK [1][]{section.6.3}{\376\377\0006\000.\0003\000\040\000C\000o\000l\000B\000E\000R\000T\000\040\040\024\000\040\000M\000u\000l\000t\000i\000-\000v\000e\000c\000t\000o\000r\000\040\000/\000\040\000L\000a\000t\000e\000\040\000I\000n\000t\000e\000r\000a\000c\000t\000i\000o\000n}{chapter.6}% 64
\BOOKMARK [1][]{section.6.4}{\376\377\0006\000.\0004\000\040\000H\000y\000b\000r\000i\000d\000\040\000R\000e\000t\000r\000i\000e\000v\000a\000l}{chapter.6}% 65
\BOOKMARK [1][]{section.6.5}{\376\377\0006\000.\0005\000\040\000R\000e\000t\000r\000i\000e\000v\000a\000l\000\040\000v\000s\000\040\000R\000e\000-\000r\000a\000n\000k\000i\000n\000g\000:\000\040\000T\000h\000e\000\040\000T\000w\000o\000-\000S\000t\000a\000g\000e\000\040\000P\000a\000t\000t\000e\000r\000n}{chapter.6}% 66
\BOOKMARK [2][]{subsection.6.5.1}{\376\377\0006\000.\0005\000.\0001\000\040\000S\000t\000a\000g\000e\000\040\0001\000:\000\040\000R\000a\000n\000k\000i\000n\000g\000\040\000\050\000R\000e\000t\000r\000i\000e\000v\000a\000l\000\051}{section.6.5}% 67
\BOOKMARK [2][]{subsection.6.5.2}{\376\377\0006\000.\0005\000.\0002\000\040\000S\000t\000a\000g\000e\000\040\0002\000:\000\040\000R\000e\000-\000r\000a\000n\000k\000i\000n\000g}{section.6.5}% 68
\BOOKMARK [2][]{subsection.6.5.3}{\376\377\0006\000.\0005\000.\0003\000\040\000W\000h\000y\000\040\000N\000o\000t\000\040\000R\000e\000r\000a\000n\000k\000\040\000E\000v\000e\000r\000y\000t\000h\000i\000n\000g\000?}{section.6.5}% 69
\BOOKMARK [2][]{subsection.6.5.4}{\376\377\0006\000.\0005\000.\0004\000\040\000W\000h\000a\000t\000\040\000E\000a\000c\000h\000\040\000S\000t\000a\000g\000e\000\040\000O\000p\000t\000i\000m\000i\000z\000e\000s\000\040\000F\000o\000r}{section.6.5}% 70
\BOOKMARK [2][]{subsection.6.5.5}{\376\377\0006\000.\0005\000.\0005\000\040\000P\000r\000a\000c\000t\000i\000c\000a\000l\000\040\000R\000e\000t\000r\000i\000e\000v\000a\000l\000\040\000S\000t\000a\000c\000k}{section.6.5}% 71
\BOOKMARK [1][]{section.6.6}{\376\377\0006\000.\0006\000\040\000A\000r\000c\000h\000i\000t\000e\000c\000t\000u\000r\000e\000\040\000S\000e\000l\000e\000c\000t\000i\000o\000n\000\040\000G\000u\000i\000d\000e}{chapter.6}% 72
\BOOKMARK [0][]{chapter.7}{\376\377\0007\000\040\000A\000N\000N\000\040\000I\000n\000d\000e\000x\000e\000s\000\040\000a\000n\000d\000\040\000D\000i\000s\000t\000a\000n\000c\000e\000\040\000M\000e\000t\000r\000i\000c\000s}{part.3}% 73
\BOOKMARK [1][]{section.7.1}{\376\377\0007\000.\0001\000\040\000T\000h\000e\000\040\000P\000r\000o\000b\000l\000e\000m\000\040\000w\000i\000t\000h\000\040\000E\000x\000a\000c\000t\000\040\000S\000e\000a\000r\000c\000h}{chapter.7}% 74
\BOOKMARK [1][]{section.7.2}{\376\377\0007\000.\0002\000\040\000H\000N\000S\000W\000\040\040\024\000\040\000H\000i\000e\000r\000a\000r\000c\000h\000i\000c\000a\000l\000\040\000N\000a\000v\000i\000g\000a\000b\000l\000e\000\040\000S\000m\000a\000l\000l\000\040\000W\000o\000r\000l\000d}{chapter.7}% 75
\BOOKMARK [1][]{section.7.3}{\376\377\0007\000.\0003\000\040\000F\000l\000a\000t\000\040\000S\000c\000a\000n\000\040\000\050\000B\000r\000u\000t\000e\000\040\000F\000o\000r\000c\000e\000\051}{chapter.7}% 76
\BOOKMARK [1][]{section.7.4}{\376\377\0007\000.\0004\000\040\000I\000V\000F\000F\000l\000a\000t\000\040\000\050\000I\000n\000v\000e\000r\000t\000e\000d\000\040\000F\000i\000l\000e\000\051}{chapter.7}% 77
\BOOKMARK [1][]{section.7.5}{\376\377\0007\000.\0005\000\040\000P\000r\000o\000d\000u\000c\000t\000\040\000Q\000u\000a\000n\000t\000i\000z\000a\000t\000i\000o\000n\000\040\000\050\000P\000Q\000\051}{chapter.7}% 78
\BOOKMARK [1][]{section.7.6}{\376\377\0007\000.\0006\000\040\000D\000i\000s\000t\000a\000n\000c\000e\000\040\000M\000e\000t\000r\000i\000c\000s}{chapter.7}% 79
\BOOKMARK [2][]{subsection.7.6.1}{\376\377\0007\000.\0006\000.\0001\000\040\000C\000o\000s\000i\000n\000e\000\040\000S\000i\000m\000i\000l\000a\000r\000i\000t\000y}{section.7.6}% 80
\BOOKMARK [2][]{subsection.7.6.2}{\376\377\0007\000.\0006\000.\0002\000\040\000L\0002\000\040\000D\000i\000s\000t\000a\000n\000c\000e\000\040\000\050\000E\000u\000c\000l\000i\000d\000e\000a\000n\000\040\000D\000i\000s\000t\000a\000n\000c\000e\000\051}{section.7.6}% 81
\BOOKMARK [2][]{subsection.7.6.3}{\376\377\0007\000.\0006\000.\0003\000\040\000D\000o\000t\000\040\000P\000r\000o\000d\000u\000c\000t}{section.7.6}% 82
\BOOKMARK [1][]{section.7.7}{\376\377\0007\000.\0007\000\040\000E\000l\000b\000o\000w\000\040\000C\000u\000t\000o\000f\000f\000\040\000\050\000S\000c\000o\000r\000e\000\040\000C\000l\000i\000f\000f\000\040\000D\000e\000t\000e\000c\000t\000i\000o\000n\000\051}{chapter.7}% 83
\BOOKMARK [0][]{chapter.8}{\376\377\0008\000\040\000R\000a\000n\000k\000i\000n\000g\000,\000\040\000B\000M\0002\0005\000,\000\040\000a\000n\000d\000\040\000R\000R\000F}{part.3}% 84
\BOOKMARK [1][]{section.8.1}{\376\377\0008\000.\0001\000\040\000B\000M\0002\0005\000\040\040\024\000\040\000B\000e\000s\000t\000\040\000M\000a\000t\000c\000h\000\040\0002\0005}{chapter.8}% 85
\BOOKMARK [1][]{section.8.2}{\376\377\0008\000.\0002\000\040\000R\000R\000F\000\040\040\024\000\040\000R\000e\000c\000i\000p\000r\000o\000c\000a\000l\000\040\000R\000a\000n\000k\000\040\000F\000u\000s\000i\000o\000n}{chapter.8}% 86
\BOOKMARK [1][]{section.8.3}{\376\377\0008\000.\0003\000\040\000n\000D\000C\000G\000\040\000i\000n\000\040\000P\000r\000a\000c\000t\000i\000c\000e\000:\000\040\000U\000s\000i\000n\000g\000\040\000R\000a\000n\000k\000i\000n\000g\000s\000\040\000t\000o\000\040\000M\000a\000k\000e\000\040\000B\000e\000t\000t\000e\000r\000\040\000D\000e\000c\000i\000s\000i\000o\000n\000s}{chapter.8}% 87
\BOOKMARK [2][]{subsection.8.3.1}{\376\377\0008\000.\0003\000.\0001\000\040\000W\000h\000y\000\040\000n\000D\000C\000G\000\040\000I\000s\000\040\000B\000e\000t\000t\000e\000r\000\040\000T\000h\000a\000n\000\040\000P\000l\000a\000i\000n\000\040\000R\000e\000c\000a\000l\000l\000\040\000f\000o\000r\000\040\000R\000a\000n\000k\000i\000n\000g\000\040\000Q\000u\000a\000l\000i\000t\000y}{section.8.3}% 88
\BOOKMARK [2][]{subsection.8.3.2}{\376\377\0008\000.\0003\000.\0002\000\040\000W\000h\000y\000\040\000@\0001\0000\000\040\000I\000s\000\040\000C\000o\000m\000m\000o\000n}{section.8.3}% 89
\BOOKMARK [2][]{subsection.8.3.3}{\376\377\0008\000.\0003\000.\0003\000\040\000n\000D\000C\000G\000\040\000w\000i\000t\000h\000\040\000B\000i\000n\000a\000r\000y\000\040\000v\000s\000\040\000G\000r\000a\000d\000e\000d\000\040\000J\000u\000d\000g\000m\000e\000n\000t\000s}{section.8.3}% 90
\BOOKMARK [2][]{subsection.8.3.4}{\376\377\0008\000.\0003\000.\0004\000\040\000W\000h\000a\000t\000\040\000n\000D\000C\000G\000\040\000D\000o\000e\000s\000\040\000N\000o\000t\000\040\000T\000e\000l\000l\000\040\000Y\000o\000u}{section.8.3}% 91
\BOOKMARK [1][]{section.8.4}{\376\377\0008\000.\0004\000\040\000S\000P\000O\000\040\000a\000n\000d\000\040\000E\000n\000t\000i\000t\000y\000\040\000G\000r\000a\000p\000h\000s}{chapter.8}% 92
\BOOKMARK [1][]{section.8.5}{\376\377\0008\000.\0005\000\040\000C\000h\000o\000o\000s\000i\000n\000g\000\040\000t\000h\000e\000\040\000R\000i\000g\000h\000t\000\040\000R\000e\000t\000r\000i\000e\000v\000a\000l\000\040\000M\000i\000x}{chapter.8}% 93
\BOOKMARK [-1][]{part.4}{\376\377\000I\000V\000\040\000B\000u\000i\000l\000d\000i\000n\000g\000\040\000t\000h\000e\000\040\000P\000i\000p\000e\000l\000i\000n\000e}{}% 94
\BOOKMARK [0][]{chapter.9}{\376\377\0009\000\040\000C\000h\000u\000n\000k\000i\000n\000g\000\040\000S\000t\000r\000a\000t\000e\000g\000i\000e\000s}{part.4}% 95
\BOOKMARK [1][]{section.9.1}{\376\377\0009\000.\0001\000\040\000W\000h\000y\000\040\000C\000h\000u\000n\000k\000\040\000a\000t\000\040\000A\000l\000l\000?}{chapter.9}% 96
\BOOKMARK [1][]{section.9.2}{\376\377\0009\000.\0002\000\040\000T\000h\000e\000\040\000C\000h\000u\000n\000k\000\040\000S\000i\000z\000e\000\040\000T\000r\000a\000d\000e\000o\000f\000f}{chapter.9}% 97
\BOOKMARK [1][]{section.9.3}{\376\377\0009\000.\0003\000\040\000S\000t\000r\000a\000t\000e\000g\000y\000\040\0001\000:\000\040\000F\000i\000x\000e\000d\000-\000S\000i\000z\000e\000\040\000C\000h\000u\000n\000k\000i\000n\000g}{chapter.9}% 98
\BOOKMARK [1][]{section.9.4}{\376\377\0009\000.\0004\000\040\000S\000t\000r\000a\000t\000e\000g\000y\000\040\0002\000:\000\040\000F\000i\000x\000e\000d\000-\000S\000i\000z\000e\000\040\000w\000i\000t\000h\000\040\000O\000v\000e\000r\000l\000a\000p}{chapter.9}% 99
\BOOKMARK [1][]{section.9.5}{\376\377\0009\000.\0005\000\040\000S\000t\000r\000a\000t\000e\000g\000y\000\040\0003\000:\000\040\000S\000e\000n\000t\000e\000n\000c\000e\000-\000B\000o\000u\000n\000d\000a\000r\000y\000\040\000C\000h\000u\000n\000k\000i\000n\000g}{chapter.9}% 100
\BOOKMARK [1][]{section.9.6}{\376\377\0009\000.\0006\000\040\000S\000t\000r\000a\000t\000e\000g\000y\000\040\0004\000:\000\040\000R\000e\000c\000u\000r\000s\000i\000v\000e\000\040\000C\000h\000a\000r\000a\000c\000t\000e\000r\000\040\000S\000p\000l\000i\000t\000t\000i\000n\000g}{chapter.9}% 101
\BOOKMARK [1][]{section.9.7}{\376\377\0009\000.\0007\000\040\000S\000t\000r\000a\000t\000e\000g\000y\000\040\0005\000:\000\040\000S\000t\000r\000u\000c\000t\000u\000r\000e\000-\000A\000w\000a\000r\000e\000\040\000C\000h\000u\000n\000k\000i\000n\000g}{chapter.9}% 102
\BOOKMARK [1][]{section.9.8}{\376\377\0009\000.\0008\000\040\000S\000t\000r\000a\000t\000e\000g\000y\000\040\0006\000:\000\040\000S\000e\000m\000a\000n\000t\000i\000c\000\040\000C\000h\000u\000n\000k\000i\000n\000g}{chapter.9}% 103
\BOOKMARK [1][]{section.9.9}{\376\377\0009\000.\0009\000\040\000S\000t\000r\000a\000t\000e\000g\000y\000\040\0007\000:\000\040\000P\000a\000r\000e\000n\000t\000-\000C\000h\000i\000l\000d\000\040\000\050\000S\000m\000a\000l\000l\000-\000t\000o\000-\000B\000i\000g\000\051\000\040\000C\000h\000u\000n\000k\000i\000n\000g}{chapter.9}% 104
\BOOKMARK [1][]{section.9.10}{\376\377\0009\000.\0001\0000\000\040\000S\000t\000r\000a\000t\000e\000g\000y\000\040\0008\000:\000\040\000L\000a\000t\000e\000\040\000C\000h\000u\000n\000k\000i\000n\000g}{chapter.9}% 105
\BOOKMARK [1][]{section.9.11}{\376\377\0009\000.\0001\0001\000\040\000H\000o\000w\000\040\000m\000e\000m\000v\000i\000d\000\040\000H\000a\000n\000d\000l\000e\000s\000\040\000C\000h\000u\000n\000k\000i\000n\000g}{chapter.9}% 106
\BOOKMARK [1][]{section.9.12}{\376\377\0009\000.\0001\0002\000\040\000P\000r\000a\000c\000t\000i\000c\000a\000l\000\040\000C\000h\000e\000c\000k\000l\000i\000s\000t}{chapter.9}% 107
\BOOKMARK [0][]{chapter.10}{\376\377\0001\0000\000\040\000T\000h\000e\000\040\000R\000A\000G\000\040\000P\000i\000p\000e\000l\000i\000n\000e}{part.4}% 108
\BOOKMARK [1][]{section.10.1}{\376\377\0001\0000\000.\0001\000\040\000T\000w\000o\000\040\000P\000h\000a\000s\000e\000s}{chapter.10}% 109
\BOOKMARK [1][]{section.10.2}{\376\377\0001\0000\000.\0002\000\040\000I\000n\000d\000e\000x\000i\000n\000g\000\040\000P\000h\000a\000s\000e}{chapter.10}% 110
\BOOKMARK [2][]{subsection.10.2.1}{\376\377\0001\0000\000.\0002\000.\0001\000\040\000S\000t\000e\000p\000\040\0001\000:\000\040\000D\000o\000c\000u\000m\000e\000n\000t\000\040\000I\000n\000g\000e\000s\000t\000i\000o\000n}{section.10.2}% 111
\BOOKMARK [2][]{subsection.10.2.2}{\376\377\0001\0000\000.\0002\000.\0002\000\040\000S\000t\000e\000p\000\040\0002\000:\000\040\000T\000e\000x\000t\000\040\000C\000l\000e\000a\000n\000i\000n\000g}{section.10.2}% 112
\BOOKMARK [2][]{subsection.10.2.3}{\376\377\0001\0000\000.\0002\000.\0003\000\040\000S\000t\000e\000p\000\040\0003\000:\000\040\000C\000h\000u\000n\000k\000i\000n\000g}{section.10.2}% 113
\BOOKMARK [2][]{subsection.10.2.4}{\376\377\0001\0000\000.\0002\000.\0004\000\040\000S\000t\000e\000p\000\040\0004\000:\000\040\000E\000m\000b\000e\000d\000d\000i\000n\000g}{section.10.2}% 114
\BOOKMARK [2][]{subsection.10.2.5}{\376\377\0001\0000\000.\0002\000.\0005\000\040\000S\000t\000e\000p\000\040\0005\000:\000\040\000S\000t\000o\000r\000i\000n\000g\000\040\000i\000n\000\040\000t\000h\000e\000\040\000I\000n\000d\000e\000x}{section.10.2}% 115
\BOOKMARK [2][]{subsection.10.2.6}{\376\377\0001\0000\000.\0002\000.\0006\000\040\000I\000n\000d\000e\000x\000i\000n\000g\000\040\000P\000i\000p\000e\000l\000i\000n\000e\000\040\000S\000u\000m\000m\000a\000r\000y}{section.10.2}% 116
\BOOKMARK [1][]{section.10.3}{\376\377\0001\0000\000.\0003\000\040\000Q\000u\000e\000r\000y\000\040\000P\000h\000a\000s\000e}{chapter.10}% 117
\BOOKMARK [2][]{subsection.10.3.1}{\376\377\0001\0000\000.\0003\000.\0001\000\040\000S\000t\000e\000p\000\040\0001\000:\000\040\000R\000e\000c\000e\000i\000v\000e\000\040\000t\000h\000e\000\040\000Q\000u\000e\000r\000y}{section.10.3}% 118
\BOOKMARK [2][]{subsection.10.3.2}{\376\377\0001\0000\000.\0003\000.\0002\000\040\000S\000t\000e\000p\000\040\0002\000:\000\040\000E\000m\000b\000e\000d\000\040\000t\000h\000e\000\040\000Q\000u\000e\000r\000y}{section.10.3}% 119
\BOOKMARK [2][]{subsection.10.3.3}{\376\377\0001\0000\000.\0003\000.\0003\000\040\000S\000t\000e\000p\000\040\0003\000:\000\040\000R\000e\000t\000r\000i\000e\000v\000e\000\040\000C\000a\000n\000d\000i\000d\000a\000t\000e\000s}{section.10.3}% 120
\BOOKMARK [2][]{subsection.10.3.4}{\376\377\0001\0000\000.\0003\000.\0004\000\040\000S\000t\000e\000p\000\040\0004\000:\000\040\000F\000i\000l\000t\000e\000r}{section.10.3}% 121
\BOOKMARK [2][]{subsection.10.3.5}{\376\377\0001\0000\000.\0003\000.\0005\000\040\000S\000t\000e\000p\000\040\0005\000:\000\040\000R\000e\000r\000a\000n\000k\000\040\000\050\000O\000p\000t\000i\000o\000n\000a\000l\000\040\000b\000u\000t\000\040\000R\000e\000c\000o\000m\000m\000e\000n\000d\000e\000d\000\051}{section.10.3}% 122
\BOOKMARK [2][]{subsection.10.3.6}{\376\377\0001\0000\000.\0003\000.\0006\000\040\000S\000t\000e\000p\000\040\0006\000:\000\040\000A\000s\000s\000e\000m\000b\000l\000e\000\040\000C\000o\000n\000t\000e\000x\000t}{section.10.3}% 123
\BOOKMARK [2][]{subsection.10.3.7}{\376\377\0001\0000\000.\0003\000.\0007\000\040\000S\000t\000e\000p\000\040\0007\000:\000\040\000G\000e\000n\000e\000r\000a\000t\000e\000\040\000t\000h\000e\000\040\000A\000n\000s\000w\000e\000r}{section.10.3}% 124
\BOOKMARK [1][]{section.10.4}{\376\377\0001\0000\000.\0004\000\040\000C\000o\000m\000m\000o\000n\000\040\000F\000a\000i\000l\000u\000r\000e\000\040\000M\000o\000d\000e\000s}{chapter.10}% 125
\BOOKMARK [2][]{subsection.10.4.1}{\376\377\0001\0000\000.\0004\000.\0001\000\040\000R\000e\000t\000r\000i\000e\000v\000a\000l\000\040\000F\000a\000i\000l\000u\000r\000e\000s}{section.10.4}% 126
\BOOKMARK [2][]{subsection.10.4.2}{\376\377\0001\0000\000.\0004\000.\0002\000\040\000G\000e\000n\000e\000r\000a\000t\000i\000o\000n\000\040\000F\000a\000i\000l\000u\000r\000e\000s}{section.10.4}% 127
\BOOKMARK [2][]{subsection.10.4.3}{\376\377\0001\0000\000.\0004\000.\0003\000\040\000I\000n\000d\000e\000x\000i\000n\000g\000\040\000F\000a\000i\000l\000u\000r\000e\000s}{section.10.4}% 128
\BOOKMARK [1][]{section.10.5}{\376\377\0001\0000\000.\0005\000\040\000T\000h\000i\000s\000\040\000R\000e\000p\000o\000'\000s\000\040\000S\000t\000a\000c\000k}{chapter.10}% 129
\BOOKMARK [0][]{chapter.11}{\376\377\0001\0001\000\040\000R\000e\000t\000r\000i\000e\000v\000a\000l\000\040\000B\000a\000c\000k\000e\000n\000d\000s}{part.4}% 130
\BOOKMARK [1][]{section.11.1}{\376\377\0001\0001\000.\0001\000\040\000m\000e\000m\000v\000i\000d\000\040\000v\0002\000\040\040\024\000\040\000D\000e\000e\000p\000\040\000A\000n\000a\000l\000y\000s\000i\000s}{chapter.11}% 131
\BOOKMARK [2][]{subsection.11.1.1}{\376\377\0001\0001\000.\0001\000.\0001\000\040\000W\000h\000a\000t\000\040\000I\000t\000\040\000I\000s}{section.11.1}% 132
\BOOKMARK [2][]{subsection.11.1.2}{\376\377\0001\0001\000.\0001\000.\0002\000\040\000S\000t\000o\000r\000a\000g\000e\000\040\000a\000n\000d\000\040\000E\000m\000b\000e\000d\000d\000i\000n\000g\000\040\000M\000e\000c\000h\000a\000n\000i\000c\000s}{section.11.1}% 133
\BOOKMARK [2][]{subsection.11.1.3}{\376\377\0001\0001\000.\0001\000.\0003\000\040\000R\000e\000t\000r\000i\000e\000v\000a\000l\000\040\000P\000a\000t\000t\000e\000r\000n\000s}{section.11.1}% 134
\BOOKMARK [2][]{subsection.11.1.4}{\376\377\0001\0001\000.\0001\000.\0004\000\040\000M\000e\000m\000o\000r\000y\000\040\000a\000n\000d\000\040\000A\000g\000e\000n\000t\000\040\000F\000e\000a\000t\000u\000r\000e\000s}{section.11.1}% 135
\BOOKMARK [2][]{subsection.11.1.5}{\376\377\0001\0001\000.\0001\000.\0005\000\040\000P\000e\000r\000f\000o\000r\000m\000a\000n\000c\000e\000\040\000P\000r\000o\000f\000i\000l\000e}{section.11.1}% 136
\BOOKMARK [2][]{subsection.11.1.6}{\376\377\0001\0001\000.\0001\000.\0006\000\040\000H\000a\000r\000d\000\040\000L\000i\000m\000i\000t\000a\000t\000i\000o\000n\000s}{section.11.1}% 137
\BOOKMARK [1][]{section.11.2}{\376\377\0001\0001\000.\0002\000\040\000B\000a\000c\000k\000e\000n\000d\000\040\000C\000o\000m\000p\000a\000r\000i\000s\000o\000n\000\040\000M\000a\000t\000r\000i\000x}{chapter.11}% 138
\BOOKMARK [1][]{section.11.3}{\376\377\0001\0001\000.\0003\000\040\000K\000e\000y\000\040\000B\000a\000c\000k\000e\000n\000d\000\040\000D\000e\000t\000a\000i\000l\000s}{chapter.11}% 139
\BOOKMARK [2][]{subsection.11.3.1}{\376\377\0001\0001\000.\0003\000.\0001\000\040\000Q\000d\000r\000a\000n\000t}{section.11.3}% 140
\BOOKMARK [2][]{subsection.11.3.2}{\376\377\0001\0001\000.\0003\000.\0002\000\040\000L\000a\000n\000c\000e\000D\000B}{section.11.3}% 141
\BOOKMARK [2][]{subsection.11.3.3}{\376\377\0001\0001\000.\0003\000.\0003\000\040\000M\000o\000n\000g\000o\000D\000B\000\040\000A\000t\000l\000a\000s}{section.11.3}% 142
\BOOKMARK [2][]{subsection.11.3.4}{\376\377\0001\0001\000.\0003\000.\0004\000\040\000p\000g\000v\000e\000c\000t\000o\000r}{section.11.3}% 143
\BOOKMARK [1][]{section.11.4}{\376\377\0001\0001\000.\0004\000\040\000D\000e\000c\000i\000s\000i\000o\000n\000\040\000G\000u\000i\000d\000e}{chapter.11}% 144
\BOOKMARK [2][]{subsection.11.4.1}{\376\377\0001\0001\000.\0004\000.\0001\000\040\000S\000t\000a\000c\000k\000i\000n\000g\000\040\000m\000e\000m\000v\000i\000d\000\040\000w\000i\000t\000h\000\040\000A\000n\000o\000t\000h\000e\000r\000\040\000B\000a\000c\000k\000e\000n\000d}{section.11.4}% 145
\BOOKMARK [-1][]{part.5}{\376\377\000V\000\040\000L\000o\000c\000a\000l\000\040\000D\000e\000p\000l\000o\000y\000m\000e\000n\000t}{}% 146
\BOOKMARK [0][]{chapter.12}{\376\377\0001\0002\000\040\000l\000l\000a\000m\000a\000-\000s\000e\000r\000v\000e\000r\000\040\000a\000n\000d\000\040\000l\000l\000a\000m\000a\000-\000e\000m\000b\000e\000d\000d\000i\000n\000g}{part.5}% 147
\BOOKMARK [1][]{section.12.1}{\376\377\0001\0002\000.\0001\000\040\000W\000h\000a\000t\000\040\000l\000l\000a\000m\000a\000-\000e\000m\000b\000e\000d\000d\000i\000n\000g\000\040\000D\000o\000e\000s}{chapter.12}% 148
\BOOKMARK [1][]{section.12.2}{\376\377\0001\0002\000.\0002\000\040\000W\000h\000a\000t\000\040\000E\000m\000b\000e\000d\000d\000i\000n\000g\000\040\000G\000e\000n\000e\000r\000a\000t\000i\000o\000n\000\040\000M\000e\000a\000n\000s\000\040\000a\000t\000\040\000t\000h\000e\000\040\000M\000o\000d\000e\000l\000\040\000L\000e\000v\000e\000l}{chapter.12}% 149
\BOOKMARK [1][]{section.12.3}{\376\377\0001\0002\000.\0003\000\040\000W\000h\000y\000\040\000P\000o\000o\000l\000i\000n\000g\000\040\000M\000a\000t\000t\000e\000r\000s}{chapter.12}% 150
\BOOKMARK [1][]{section.12.4}{\376\377\0001\0002\000.\0004\000\040\000l\000l\000a\000m\000a\000-\000e\000m\000b\000e\000d\000d\000i\000n\000g\000\040\000v\000s\000\040\000l\000l\000a\000m\000a\000-\000s\000e\000r\000v\000e\000r\000\040\000-\000-\000e\000m\000b\000e\000d\000d\000i\000n\000g}{chapter.12}% 151
\BOOKMARK [1][]{section.12.5}{\376\377\0001\0002\000.\0005\000\040\000W\000h\000y\000\040\000E\000m\000b\000e\000d\000d\000i\000n\000g\000\040\000M\000o\000d\000e\000l\000s\000\040\000A\000r\000e\000\040\000O\000f\000t\000e\000n\000\040\000S\000e\000r\000v\000e\000d\000\040\000S\000e\000p\000a\000r\000a\000t\000e\000l\000y}{chapter.12}% 152
\BOOKMARK [1][]{section.12.6}{\376\377\0001\0002\000.\0006\000\040\000W\000h\000a\000t\000\040\000G\000e\000t\000s\000\040\000I\000n\000d\000e\000x\000e\000d}{chapter.12}% 153
\BOOKMARK [1][]{section.12.7}{\376\377\0001\0002\000.\0007\000\040\000W\000h\000y\000\040\000N\000o\000r\000m\000a\000l\000i\000z\000a\000t\000i\000o\000n\000\040\000M\000a\000t\000t\000e\000r\000s}{chapter.12}% 154
\BOOKMARK [1][]{section.12.8}{\376\377\0001\0002\000.\0008\000\040\000W\000h\000y\000\040\000E\000m\000b\000e\000d\000d\000i\000n\000g\000\040\000P\000e\000r\000f\000o\000r\000m\000a\000n\000c\000e\000\040\000D\000i\000f\000f\000e\000r\000s\000\040\000f\000r\000o\000m\000\040\000G\000e\000n\000e\000r\000a\000t\000i\000o\000n\000\040\000P\000e\000r\000f\000o\000r\000m\000a\000n\000c\000e}{chapter.12}% 155
\BOOKMARK [1][]{section.12.9}{\376\377\0001\0002\000.\0009\000\040\000P\000r\000a\000c\000t\000i\000c\000a\000l\000\040\000l\000l\000a\000m\000a\000-\000s\000e\000r\000v\000e\000r\000\040\000I\000n\000v\000o\000c\000a\000t\000i\000o\000n\000s}{chapter.12}% 156
\BOOKMARK [1][]{section.12.10}{\376\377\0001\0002\000.\0001\0000\000\040\000P\000r\000a\000c\000t\000i\000c\000a\000l\000\040\000D\000e\000p\000l\000o\000y\000m\000e\000n\000t\000\040\000P\000a\000t\000t\000e\000r\000n\000\040\000f\000o\000r\000\040\000T\000h\000i\000s\000\040\000R\000e\000p\000o}{chapter.12}% 157
\BOOKMARK [0][]{chapter.13}{\376\377\0001\0003\000\040\000Q\000u\000e\000r\000y\000\040\000I\000n\000s\000t\000r\000u\000c\000t\000i\000o\000n\000s\000\040\000a\000n\000d\000\040\000O\000p\000e\000r\000a\000t\000i\000o\000n\000a\000l\000\040\000G\000u\000i\000d\000a\000n\000c\000e}{part.5}% 158
\BOOKMARK [1][]{section.13.1}{\376\377\0001\0003\000.\0001\000\040\000W\000h\000y\000\040\000Q\000u\000e\000r\000y\000-\000S\000i\000d\000e\000\040\000I\000n\000s\000t\000r\000u\000c\000t\000i\000o\000n\000s\000\040\000H\000e\000l\000p}{chapter.13}% 159
\BOOKMARK [1][]{section.13.2}{\376\377\0001\0003\000.\0002\000\040\000T\000h\000e\000\040\000B\000a\000s\000i\000c\000\040\000P\000a\000t\000t\000e\000r\000n}{chapter.13}% 160
\BOOKMARK [1][]{section.13.3}{\376\377\0001\0003\000.\0003\000\040\000W\000h\000y\000\040\000N\000o\000t\000\040\000I\000n\000s\000t\000r\000u\000c\000t\000\040\000B\000o\000t\000h\000\040\000S\000i\000d\000e\000s}{chapter.13}% 161
\BOOKMARK [1][]{section.13.4}{\376\377\0001\0003\000.\0004\000\040\000W\000h\000a\000t\000\040\000`\000`\000C\000u\000s\000t\000o\000m\000i\000z\000e\000\040\000t\000h\000e\000\040\000I\000n\000s\000t\000r\000u\000c\000t\000'\000'\000\040\000R\000e\000a\000l\000l\000y\000\040\000M\000e\000a\000n\000s}{chapter.13}% 162
\BOOKMARK [1][]{section.13.5}{\376\377\0001\0003\000.\0005\000\040\000E\000x\000a\000m\000p\000l\000e\000\040\000I\000n\000s\000t\000r\000u\000c\000t\000i\000o\000n\000\040\000T\000e\000m\000p\000l\000a\000t\000e\000s}{chapter.13}% 163
\BOOKMARK [1][]{section.13.6}{\376\377\0001\0003\000.\0006\000\040\000W\000h\000a\000t\000\040\000t\000h\000e\000\040\000R\000e\000p\000o\000r\000t\000e\000d\000\040\0001\000\045\040\023\0005\000\045\000\040\000D\000r\000o\000p\000\040\000M\000e\000a\000n\000s}{chapter.13}% 164
\BOOKMARK [1][]{section.13.7}{\376\377\0001\0003\000.\0007\000\040\000O\000p\000e\000r\000a\000t\000i\000o\000n\000a\000l\000\040\000I\000m\000p\000l\000i\000c\000a\000t\000i\000o\000n}{chapter.13}% 165
\BOOKMARK [1][]{section.13.8}{\376\377\0001\0003\000.\0008\000\040\000O\000p\000e\000r\000a\000t\000i\000o\000n\000a\000l\000\040\000C\000h\000e\000c\000k\000l\000i\000s\000t}{chapter.13}% 166
\BOOKMARK [2][]{subsection.13.8.1}{\376\377\0001\0003\000.\0008\000.\0001\000\040\000B\000e\000f\000o\000r\000e\000\040\000F\000i\000r\000s\000t\000\040\000D\000e\000p\000l\000o\000y\000m\000e\000n\000t}{section.13.8}% 167
\BOOKMARK [2][]{subsection.13.8.2}{\376\377\0001\0003\000.\0008\000.\0002\000\040\000A\000f\000t\000e\000r\000\040\000D\000e\000p\000l\000o\000y\000m\000e\000n\000t}{section.13.8}% 168
\BOOKMARK [2][]{subsection.13.8.3}{\376\377\0001\0003\000.\0008\000.\0003\000\040\000U\000p\000g\000r\000a\000d\000i\000n\000g\000\040\000t\000h\000e\000\040\000S\000t\000a\000c\000k}{section.13.8}% 169
\BOOKMARK [0][]{chapter*.3}{\376\377\000G\000l\000o\000s\000s\000a\000r\000y}{part.5}% 170
